
=== Wed Feb 12 18:18:43 2020

Packages were changed.
Update Mode: updateDependencies

The following packages were updated:
  com.unity.ide.vscode from version 1.1.2 to 1.1.3

=== Thu Apr  9 13:34:23 2026

Packages were changed.
Update Mode: updateDependencies

The following packages were added:
  com.unity.ide.visualstudio@2.0.27
  com.unity.modules.adaptiveperformance@1.0.0
  com.unity.modules.vectorgraphics@1.0.0
  com.unity.ai.navigation@2.0.11
  com.unity.modules.accessibility@1.0.0
  com.unity.multiplayer.center@1.0.1
The following packages were updated:
  com.unity.ads from version 2.0.8 to 4.16.4
  com.unity.analytics from version 3.3.2 to 3.8.2
  com.unity.collab-proxy from version 1.2.16 to 2.11.4
  com.unity.ext.nunit from version 1.0.0 to 2.0.5
  com.unity.ide.rider from version 1.1.0 to 3.0.39
  com.unity.purchasing from version 2.0.6 to 4.14.2
  com.unity.test-framework from version 1.0.13 to 1.6.0
  com.unity.timeline from version 1.1.0 to 1.8.11
  com.unity.ugui from version 1.0.0 to 2.0.0
  com.unity.xr.legacyinputhelpers from version 2.0.2 to 3.0.1
The following packages were removed:
  com.unity.multiplayer-hlapi@1.0.2
  com.unity.package-manager-ui@2.2.0
  com.unity.textmeshpro@2.0.1
