[Licensing::Module] Trying to connect to existing licensing client channel...
Built from '6000.4/staging' branch; Version is '6000.4.1f1 (8535861f39e1) revision 8729990'; Using compiler version '194234433'; Build Type 'Release'
[Licensing::IpcConnector] Successfully connected to: "LicenseClient-BasvandenBerg" at "2026-04-09T12:52:53.589734Z"
OS: 'Windows 11  (10.0.26200) Professional' Language: 'en' Physical Memory: 16129 MB
BatchMode: 1, IsHumanControllingUs: 0, StartBugReporterOnCrash: 0, Is64bit: 1
System  architecture: x64
Process architecture: x64
Date: 2026-04-09T12:52:53Z

COMMAND LINE ARGUMENTS:
C:\Program Files\Unity\Hub\Editor\6000.4.1f1\Editor\Unity.exe
-batchmode
-quit
-projectPath
C:\dev\SolitaireExpert
-executeMethod
SceneDiagnostics.ReportMissingComponentsInMainScene
-logFile
C:\dev\SolitaireExpert\Logs\SceneDiagnostics.log
Successfully changed project path to: C:\dev\SolitaireExpert
C:/dev/SolitaireExpert
Exiting without the bug reporter. Application will terminate with return code 1